<?xml version="1.0" encoding="UTF-8"?>
<testsuite xmlns:xsi="http://www.w3.org/2001/XMLSchema-instance" xsi:noNamespaceSchemaLocation="https://maven.apache.org/surefire/maven-surefire-plugin/xsd/surefire-test-report-3.0.xsd" version="3.0" name="com.prestonsproductions.alexandra.test.service.AlexandraServicesTest" time="0.572" tests="2" errors="0" skipped="0" failures="0">
  <properties>
[...]
</properties>
  <testcase name="passwordBCryptor" classname="com.prestonsproductions.alexandra.test.service.AlexandraServicesTest" time="0.184"/>
  <testcase name="testProcessRegistrationReport" classname="com.prestonsproductions.alexandra.test.service.AlexandraServicesTest" time="0.025"/>
</testsuite>